# JRE version: OpenJDK Runtime Environment Temurin-17.0.4.1+1 (17.0.4.1+1) (build 17.0.4.1+1)
# Java VM: OpenJDK 64-Bit Server VM Temurin-17.0.4.1+1 (17.0.4.1+1, mixed mode, tiered, compressed oops, compressed class ptrs, parallel gc, windows-amd64)
GC Precious Log:
 CPUs: 8 total, 8 available
 Memory: 16298M
 Large Page Support: Disabled
 NUMA Support: Disabled
 Compressed Oops: Enabled (32-bit)
 Alignments: Space 512K, Generation 512K, Heap 2M
 Heap Min Capacity: 100M
 Heap Initial Capacity: 100M
 Heap Max Capacity: 1G
 Pre-touch: Disabled
 Parallel Workers: 8
Heap:
 PSYoungGen      total 4096K, used 3328K [0x00000000eab00000, 0x00000000eb080000, 0x0000000100000000)
  eden space 2560K, 100% used [0x00000000eab00000,0x00000000ead80000,0x00000000ead80000)
  from space 1536K, 50% used [0x00000000eaf00000,0x00000000eafc0020,0x00000000eb080000)
  to   space 1536K, 41% used [0x00000000ead80000,0x00000000eae1e368,0x00000000eaf00000)
 ParOldGen       total 138752K, used 133960K [0x00000000c0000000, 0x00000000c8780000, 0x00000000eab00000)
  object space 138752K, 96% used [0x00000000c0000000,0x00000000c82d21f8,0x00000000c8780000)
 Metaspace       used 88419K, committed 89536K, reserved 1130496K
  class space    used 8729K, committed 9216K, reserved 1048576K
GC Heap History (20 events):
Event: 1336.421 GC heap after
{Heap after GC invocations=10038 (full 268):
 PSYoungGen      total 3584K, used 992K [0x00000000eab00000, 0x00000000eaf80000, 0x0000000100000000)
  eden space 2560K, 0% used [0x00000000eab00000,0x00000000eab00000,0x00000000ead80000)
  from space 1024K, 96% used [0x00000000ead80000,0x00000000eae78120,0x00000000eae80000)
  to   space 1024K, 0% used [0x00000000eae80000,0x00000000eae80000,0x00000000eaf80000)
 ParOldGen       total 138752K, used 127025K [0x00000000c0000000, 0x00000000c8780000, 0x00000000eab00000)
  object space 138752K, 91% used [0x00000000c0000000,0x00000000c7c0c520,0x00000000c8780000)
 Metaspace       used 88419K, committed 89536K, reserved 1130496K
  class space    used 8729K, committed 9216K, reserved 1048576K
}
Event: 1336.425 GC heap before
{Heap before GC invocations=10039 (full 268):
 PSYoungGen      total 3584K, used 3552K [0x00000000eab00000, 0x00000000eaf80000, 0x0000000100000000)
  eden space 2560K, 100% used [0x00000000eab00000,0x00000000ead80000,0x00000000ead80000)
  from space 1024K, 96% used [0x00000000ead80000,0x00000000eae78120,0x00000000eae80000)
  to   space 1024K, 0% used [0x00000000eae80000,0x00000000eae80000,0x00000000eaf80000)
 ParOldGen       total 138752K, used 127025K [0x00000000c0000000, 0x00000000c8780000, 0x00000000eab00000)
  object space 138752K, 91% used [0x00000000c0000000,0x00000000c7c0c520,0x00000000c8780000)
 Metaspace       used 88419K, committed 89536K, reserved 1130496K
  class space    used 8729K, committed 9216K, reserved 1048576K
}
Event: 1336.425 GC heap after
{Heap after GC invocations=10039 (full 268):
 PSYoungGen      total 3584K, used 960K [0x00000000eab00000, 0x00000000eaf80000, 0x0000000100000000)
  eden space 2560K, 0% used [0x00000000eab00000,0x00000000eab00000,0x00000000ead80000)
  from space 1024K, 93% used [0x00000000eae80000,0x00000000eaf70140,0x00000000eaf80000)
  to   space 1024K, 0% used [0x00000000ead80000,0x00000000ead80000,0x00000000eae80000)
 ParOldGen       total 138752K, used 127907K [0x00000000c0000000, 0x00000000c8780000, 0x00000000eab00000)
  object space 138752K, 92% used [0x00000000c0000000,0x00000000c7ce8e28,0x00000000c8780000)
 Metaspace       used 88419K, committed 89536K, reserved 1130496K
  class space    used 8729K, committed 9216K, reserved 1048576K
}
Event: 1336.433 GC heap before
{Heap before GC invocations=10040 (full 268):
 PSYoungGen      total 3584K, used 3517K [0x00000000eab00000, 0x00000000eaf80000, 0x0000000100000000)
  eden space 2560K, 99% used [0x00000000eab00000,0x00000000ead7f368,0x00000000ead80000)
  from space 1024K, 93% used [0x00000000eae80000,0x00000000eaf70140,0x00000000eaf80000)
  to   space 1024K, 0% used [0x00000000ead80000,0x00000000ead80000,0x00000000eae80000)
 ParOldGen       total 138752K, used 127907K [0x00000000c0000000, 0x00000000c8780000, 0x00000000eab00000)
  object space 138752K, 92% used [0x00000000c0000000,0x00000000c7ce8e28,0x00000000c8780000)
 Metaspace       used 88419K, committed 89536K, reserved 1130496K
  class space    used 8729K, committed 9216K, reserved 1048576K
}
Event: 1336.434 GC heap after
{Heap after GC invocations=10040 (full 268):
 PSYoungGen      total 3584K, used 848K [0x00000000eab00000, 0x00000000eaf80000, 0x0000000100000000)
  eden space 2560K, 0% used [0x00000000eab00000,0x00000000eab00000,0x00000000ead80000)
  from space 1024K, 82% used [0x00000000ead80000,0x00000000eae54010,0x00000000eae80000)
  to   space 1024K, 0% used [0x00000000eae80000,0x00000000eae80000,0x00000000eaf80000)
 ParOldGen       total 138752K, used 128737K [0x00000000c0000000, 0x00000000c8780000, 0x00000000eab00000)
  object space 138752K, 92% used [0x00000000c0000000,0x00000000c7db8778,0x00000000c8780000)
 Metaspace       used 88419K, committed 89536K, reserved 1130496K
  class space    used 8729K, committed 9216K, reserved 1048576K
}
Event: 1336.438 GC heap before
{Heap before GC invocations=10041 (full 268):
 PSYoungGen      total 3584K, used 3408K [0x00000000eab00000, 0x00000000eaf80000, 0x0000000100000000)
  eden space 2560K, 100% used [0x00000000eab00000,0x00000000ead80000,0x00000000ead80000)
  from space 1024K, 82% used [0x00000000ead80000,0x00000000eae54010,0x00000000eae80000)
  to   space 1024K, 0% used [0x00000000eae80000,0x00000000eae80000,0x00000000eaf80000)
 ParOldGen       total 138752K, used 128737K [0x00000000c0000000, 0x00000000c8780000, 0x00000000eab00000)
  object space 138752K, 92% used [0x00000000c0000000,0x00000000c7db8778,0x00000000c8780000)
 Metaspace       used 88419K, committed 89536K, reserved 1130496K
  class space    used 8729K, committed 9216K, reserved 1048576K
}
Event: 1336.439 GC heap after
{Heap after GC invocations=10041 (full 268):
 PSYoungGen      total 2560K, used 1008K [0x00000000eab00000, 0x00000000eb180000, 0x0000000100000000)
  eden space 1536K, 0% used [0x00000000eab00000,0x00000000eab00000,0x00000000eac80000)
  from space 1024K, 98% used [0x00000000eae80000,0x00000000eaf7c010,0x00000000eaf80000)
  to   space 2048K, 0% used [0x00000000eac80000,0x00000000eac80000,0x00000000eae80000)
 ParOldGen       total 138752K, used 129537K [0x00000000c0000000, 0x00000000c8780000, 0x00000000eab00000)
  object space 138752K, 93% used [0x00000000c0000000,0x00000000c7e80650,0x00000000c8780000)
 Metaspace       used 88419K, committed 89536K, reserved 1130496K
  class space    used 8729K, committed 9216K, reserved 1048576K
}
Event: 1336.448 GC heap before
{Heap before GC invocations=10042 (full 268):
 PSYoungGen      total 2560K, used 2531K [0x00000000eab00000, 0x00000000eb180000, 0x0000000100000000)
  eden space 1536K, 99% used [0x00000000eab00000,0x00000000eac7cbf8,0x00000000eac80000)
  from space 1024K, 98% used [0x00000000eae80000,0x00000000eaf7c010,0x00000000eaf80000)
  to   space 2048K, 0% used [0x00000000eac80000,0x00000000eac80000,0x00000000eae80000)
 ParOldGen       total 138752K, used 129537K [0x00000000c0000000, 0x00000000c8780000, 0x00000000eab00000)
  object space 138752K, 93% used [0x00000000c0000000,0x00000000c7e80650,0x00000000c8780000)
 Metaspace       used 88419K, committed 89536K, reserved 1130496K
  class space    used 8729K, committed 9216K, reserved 1048576K
}
Event: 1336.448 GC heap after
{Heap after GC invocations=10042 (full 268):
 PSYoungGen      total 2048K, used 316K [0x00000000eab00000, 0x00000000eaf00000, 0x0000000100000000)
  eden space 1536K, 0% used [0x00000000eab00000,0x00000000eab00000,0x00000000eac80000)
  from space 512K, 61% used [0x00000000eac80000,0x00000000eaccf1c0,0x00000000ead00000)
  to   space 1024K, 0% used [0x00000000eae00000,0x00000000eae00000,0x00000000eaf00000)
 ParOldGen       total 138752K, used 130544K [0x00000000c0000000, 0x00000000c8780000, 0x00000000eab00000)
  object space 138752K, 94% used [0x00000000c0000000,0x00000000c7f7c108,0x00000000c8780000)
 Metaspace       used 88419K, committed 89536K, reserved 1130496K
  class space    used 8729K, committed 9216K, reserved 1048576K
}
Event: 1336.450 GC heap before
{Heap before GC invocations=10043 (full 268):
 PSYoungGen      total 2048K, used 1852K [0x00000000eab00000, 0x00000000eaf00000, 0x0000000100000000)
  eden space 1536K, 100% used [0x00000000eab00000,0x00000000eac80000,0x00000000eac80000)
  from space 512K, 61% used [0x00000000eac80000,0x00000000eaccf1c0,0x00000000ead00000)
  to   space 1024K, 0% used [0x00000000eae00000,0x00000000eae00000,0x00000000eaf00000)
 ParOldGen       total 138752K, used 130544K [0x00000000c0000000, 0x00000000c8780000, 0x00000000eab00000)
  object space 138752K, 94% used [0x00000000c0000000,0x00000000c7f7c108,0x00000000c8780000)
 Metaspace       used 88419K, committed 89536K, reserved 1130496K
  class space    used 8729K, committed 9216K, reserved 1048576K
}
Event: 1336.451 GC heap after
{Heap after GC invocations=10043 (full 268):
 PSYoungGen      total 2560K, used 904K [0x00000000eab00000, 0x00000000eaf00000, 0x0000000100000000)
  eden space 1536K, 0% used [0x00000000eab00000,0x00000000eab00000,0x00000000eac80000)
  from space 1024K, 88% used [0x00000000eae00000,0x00000000eaee2398,0x00000000eaf00000)
  to   space 1024K, 0% used [0x00000000ead00000,0x00000000ead00000,0x00000000eae00000)
 ParOldGen       total 138752K, used 130680K [0x00000000c0000000, 0x00000000c8780000, 0x00000000eab00000)
  object space 138752K, 94% used [0x00000000c0000000,0x00000000c7f9e108,0x00000000c8780000)
 Metaspace       used 88419K, committed 89536K, reserved 1130496K
  class space    used 8729K, committed 9216K, reserved 1048576K
}
Event: 1336.453 GC heap before
{Heap before GC invocations=10044 (full 268):
 PSYoungGen      total 2560K, used 2440K [0x00000000eab00000, 0x00000000eaf00000, 0x0000000100000000)
  eden space 1536K, 100% used [0x00000000eab00000,0x00000000eac80000,0x00000000eac80000)
  from space 1024K, 88% used [0x00000000eae00000,0x00000000eaee2398,0x00000000eaf00000)
  to   space 1024K, 0% used [0x00000000ead00000,0x00000000ead00000,0x00000000eae00000)
 ParOldGen       total 138752K, used 130680K [0x00000000c0000000, 0x00000000c8780000, 0x00000000eab00000)
  object space 138752K, 94% used [0x00000000c0000000,0x00000000c7f9e108,0x00000000c8780000)
 Metaspace       used 88419K, committed 89536K, reserved 1130496K
  class space    used 8729K, committed 9216K, reserved 1048576K
}
Event: 1336.454 GC heap after
{Heap after GC invocations=10044 (full 268):
 PSYoungGen      total 3072K, used 608K [0x00000000eab00000, 0x00000000eaf00000, 0x0000000100000000)
  eden space 2048K, 0% used [0x00000000eab00000,0x00000000eab00000,0x00000000ead00000)
  from space 1024K, 59% used [0x00000000ead00000,0x00000000ead98120,0x00000000eae00000)
  to   space 1024K, 0% used [0x00000000eae00000,0x00000000eae00000,0x00000000eaf00000)
 ParOldGen       total 138752K, used 131467K [0x00000000c0000000, 0x00000000c8780000, 0x00000000eab00000)
  object space 138752K, 94% used [0x00000000c0000000,0x00000000c8062db0,0x00000000c8780000)
 Metaspace       used 88419K, committed 89536K, reserved 1130496K
  class space    used 8729K, committed 9216K, reserved 1048576K
}
Event: 1336.457 GC heap before
{Heap before GC invocations=10045 (full 268):
 PSYoungGen      total 3072K, used 2656K [0x00000000eab00000, 0x00000000eaf00000, 0x0000000100000000)
  eden space 2048K, 100% used [0x00000000eab00000,0x00000000ead00000,0x00000000ead00000)
  from space 1024K, 59% used [0x00000000ead00000,0x00000000ead98120,0x00000000eae00000)
  to   space 1024K, 0% used [0x00000000eae00000,0x00000000eae00000,0x00000000eaf00000)
 ParOldGen       total 138752K, used 131467K [0x00000000c0000000, 0x00000000c8780000, 0x00000000eab00000)
  object space 138752K, 94% used [0x00000000c0000000,0x00000000c8062db0,0x00000000c8780000)
 Metaspace       used 88419K, committed 89536K, reserved 1130496K
  class space    used 8729K, committed 9216K, reserved 1048576K
}
Event: 1336.458 GC heap after
{Heap after GC invocations=10045 (full 268):
 PSYoungGen      total 3072K, used 608K [0x00000000eab00000, 0x00000000eaf00000, 0x0000000100000000)
  eden space 2048K, 0% used [0x00000000eab00000,0x00000000eab00000,0x00000000ead00000)
  from space 1024K, 59% used [0x00000000eae00000,0x00000000eae98000,0x00000000eaf00000)
  to   space 1024K, 0% used [0x00000000ead00000,0x00000000ead00000,0x00000000eae00000)
 ParOldGen       total 138752K, used 131875K [0x00000000c0000000, 0x00000000c8780000, 0x00000000eab00000)
  object space 138752K, 95% used [0x00000000c0000000,0x00000000c80c8ed0,0x00000000c8780000)
 Metaspace       used 88419K, committed 89536K, reserved 1130496K
  class space    used 8729K, committed 9216K, reserved 1048576K
}
Event: 1336.461 GC heap before
{Heap before GC invocations=10046 (full 268):
 PSYoungGen      total 3072K, used 2656K [0x00000000eab00000, 0x00000000eaf00000, 0x0000000100000000)
  eden space 2048K, 100% used [0x00000000eab00000,0x00000000ead00000,0x00000000ead00000)
  from space 1024K, 59% used [0x00000000eae00000,0x00000000eae98000,0x00000000eaf00000)
  to   space 1024K, 0% used [0x00000000ead00000,0x00000000ead00000,0x00000000eae00000)
 ParOldGen       total 138752K, used 131875K [0x00000000c0000000, 0x00000000c8780000, 0x00000000eab00000)
  object space 138752K, 95% used [0x00000000c0000000,0x00000000c80c8ed0,0x00000000c8780000)
 Metaspace       used 88419K, committed 89536K, reserved 1130496K
  class space    used 8729K, committed 9216K, reserved 1048576K
}
Event: 1336.462 GC heap after
{Heap after GC invocations=10046 (full 268):
 PSYoungGen      total 3072K, used 1000K [0x00000000eab00000, 0x00000000eb100000, 0x0000000100000000)
  eden space 2048K, 0% used [0x00000000eab00000,0x00000000eab00000,0x00000000ead00000)
  from space 1024K, 97% used [0x00000000ead00000,0x00000000eadfa378,0x00000000eae00000)
  to   space 2048K, 0% used [0x00000000eaf00000,0x00000000eaf00000,0x00000000eb100000)
 ParOldGen       total 138752K, used 132397K [0x00000000c0000000, 0x00000000c8780000, 0x00000000eab00000)
  object space 138752K, 95% used [0x00000000c0000000,0x00000000c814b540,0x00000000c8780000)
 Metaspace       used 88419K, committed 89536K, reserved 1130496K
  class space    used 8729K, committed 9216K, reserved 1048576K
}
Event: 1336.464 GC heap before
{Heap before GC invocations=10047 (full 268):
 PSYoungGen      total 3072K, used 3048K [0x00000000eab00000, 0x00000000eb100000, 0x0000000100000000)
  eden space 2048K, 100% used [0x00000000eab00000,0x00000000ead00000,0x00000000ead00000)
  from space 1024K, 97% used [0x00000000ead00000,0x00000000eadfa378,0x00000000eae00000)
  to   space 2048K, 0% used [0x00000000eaf00000,0x00000000eaf00000,0x00000000eb100000)
 ParOldGen       total 138752K, used 132397K [0x00000000c0000000, 0x00000000c8780000, 0x00000000eab00000)
  object space 138752K, 95% used [0x00000000c0000000,0x00000000c814b540,0x00000000c8780000)
 Metaspace       used 88419K, committed 89536K, reserved 1130496K
  class space    used 8729K, committed 9216K, reserved 1048576K
}
Event: 1336.465 GC heap after
{Heap after GC invocations=10047 (full 268):
 PSYoungGen      total 4096K, used 768K [0x00000000eab00000, 0x00000000eb080000, 0x0000000100000000)
  eden space 2560K, 0% used [0x00000000eab00000,0x00000000eab00000,0x00000000ead80000)
  from space 1536K, 50% used [0x00000000eaf00000,0x00000000eafc0020,0x00000000eb080000)
  to   space 1536K, 0% used [0x00000000ead80000,0x00000000ead80000,0x00000000eaf00000)
 ParOldGen       total 138752K, used 133320K [0x00000000c0000000, 0x00000000c8780000, 0x00000000eab00000)
  object space 138752K, 96% used [0x00000000c0000000,0x00000000c82321d8,0x00000000c8780000)
 Metaspace       used 88419K, committed 89536K, reserved 1130496K
  class space    used 8729K, committed 9216K, reserved 1048576K
}
Event: 1336.468 GC heap before
{Heap before GC invocations=10048 (full 268):
 PSYoungGen      total 4096K, used 3328K [0x00000000eab00000, 0x00000000eb080000, 0x0000000100000000)
  eden space 2560K, 100% used [0x00000000eab00000,0x00000000ead80000,0x00000000ead80000)
  from space 1536K, 50% used [0x00000000eaf00000,0x00000000eafc0020,0x00000000eb080000)
  to   space 1536K, 0% used [0x00000000ead80000,0x00000000ead80000,0x00000000eaf00000)
 ParOldGen       total 138752K, used 133320K [0x00000000c0000000, 0x00000000c8780000, 0x00000000eab00000)
  object space 138752K, 96% used [0x00000000c0000000,0x00000000c82321d8,0x00000000c8780000)
 Metaspace       used 88419K, committed 89536K, reserved 1130496K
  class space    used 8729K, committed 9216K, reserved 1048576K
}

