# JRE version: OpenJDK Runtime Environment Temurin-17.0.4.1+1 (17.0.4.1+1) (build 17.0.4.1+1)
# Java VM: OpenJDK 64-Bit Server VM Temurin-17.0.4.1+1 (17.0.4.1+1, mixed mode, tiered, compressed oops, compressed class ptrs, parallel gc, windows-amd64)
GC Precious Log:
 CPUs: 8 total, 8 available
 Memory: 16298M
 Large Page Support: Disabled
 NUMA Support: Disabled
 Compressed Oops: Enabled (32-bit)
 Alignments: Space 512K, Generation 512K, Heap 2M
 Heap Min Capacity: 100M
 Heap Initial Capacity: 100M
 Heap Max Capacity: 1G
 Pre-touch: Disabled
 Parallel Workers: 8
Heap:
 PSYoungGen      total 8192K, used 7739K [0x00000000eab00000, 0x00000000eb500000, 0x0000000100000000)
  eden space 7168K, 100% used [0x00000000eab00000,0x00000000eb200000,0x00000000eb200000)
  from space 1024K, 55% used [0x00000000eb280000,0x00000000eb30efc8,0x00000000eb380000)
  to   space 1024K, 98% used [0x00000000eb400000,0x00000000eb4fcc98,0x00000000eb500000)
 ParOldGen       total 82432K, used 64629K [0x00000000c0000000, 0x00000000c5080000, 0x00000000eab00000)
  object space 82432K, 78% used [0x00000000c0000000,0x00000000c3f1d458,0x00000000c5080000)
 Metaspace       used 83994K, committed 84928K, reserved 1130496K
  class space    used 8123K, committed 8576K, reserved 1048576K
GC Heap History (20 events):
Event: 2222.317 GC heap after
{Heap after GC invocations=14927 (full 483):
 PSYoungGen      total 4096K, used 2046K [0x00000000eab00000, 0x00000000ebc00000, 0x0000000100000000)
  eden space 2048K, 0% used [0x00000000eab00000,0x00000000eab00000,0x00000000ead00000)
  from space 2048K, 99% used [0x00000000eb280000,0x00000000eb47f9b0,0x00000000eb480000)
  to   space 5632K, 0% used [0x00000000ead00000,0x00000000ead00000,0x00000000eb280000)
 ParOldGen       total 83456K, used 78152K [0x00000000c0000000, 0x00000000c5180000, 0x00000000eab00000)
  object space 83456K, 93% used [0x00000000c0000000,0x00000000c4c52050,0x00000000c5180000)
 Metaspace       used 83993K, committed 84928K, reserved 1130496K
  class space    used 8123K, committed 8576K, reserved 1048576K
}
Event: 2222.319 GC heap before
{Heap before GC invocations=14928 (full 483):
 PSYoungGen      total 4096K, used 4094K [0x00000000eab00000, 0x00000000ebc00000, 0x0000000100000000)
  eden space 2048K, 100% used [0x00000000eab00000,0x00000000ead00000,0x00000000ead00000)
  from space 2048K, 99% used [0x00000000eb280000,0x00000000eb47f9b0,0x00000000eb480000)
  to   space 5632K, 0% used [0x00000000ead00000,0x00000000ead00000,0x00000000eb280000)
 ParOldGen       total 83456K, used 78152K [0x00000000c0000000, 0x00000000c5180000, 0x00000000eab00000)
  object space 83456K, 93% used [0x00000000c0000000,0x00000000c4c52050,0x00000000c5180000)
 Metaspace       used 83993K, committed 84928K, reserved 1130496K
  class space    used 8123K, committed 8576K, reserved 1048576K
}
Event: 2222.320 GC heap after
{Heap after GC invocations=14928 (full 483):
 PSYoungGen      total 3072K, used 624K [0x00000000eab00000, 0x00000000eb300000, 0x0000000100000000)
  eden space 2048K, 0% used [0x00000000eab00000,0x00000000eab00000,0x00000000ead00000)
  from space 1024K, 60% used [0x00000000ead00000,0x00000000ead9c010,0x00000000eae00000)
  to   space 2560K, 0% used [0x00000000eb080000,0x00000000eb080000,0x00000000eb300000)
 ParOldGen       total 83456K, used 78741K [0x00000000c0000000, 0x00000000c5180000, 0x00000000eab00000)
  object space 83456K, 94% used [0x00000000c0000000,0x00000000c4ce57f0,0x00000000c5180000)
 Metaspace       used 83993K, committed 84928K, reserved 1130496K
  class space    used 8123K, committed 8576K, reserved 1048576K
}
Event: 2222.322 GC heap before
{Heap before GC invocations=14929 (full 483):
 PSYoungGen      total 3072K, used 2672K [0x00000000eab00000, 0x00000000eb300000, 0x0000000100000000)
  eden space 2048K, 100% used [0x00000000eab00000,0x00000000ead00000,0x00000000ead00000)
  from space 1024K, 60% used [0x00000000ead00000,0x00000000ead9c010,0x00000000eae00000)
  to   space 2560K, 0% used [0x00000000eb080000,0x00000000eb080000,0x00000000eb300000)
 ParOldGen       total 83456K, used 78741K [0x00000000c0000000, 0x00000000c5180000, 0x00000000eab00000)
  object space 83456K, 94% used [0x00000000c0000000,0x00000000c4ce57f0,0x00000000c5180000)
 Metaspace       used 83993K, committed 84928K, reserved 1130496K
  class space    used 8123K, committed 8576K, reserved 1048576K
}
Event: 2222.323 GC heap after
{Heap after GC invocations=14929 (full 483):
 PSYoungGen      total 4608K, used 1662K [0x00000000eab00000, 0x00000000eb280000, 0x0000000100000000)
  eden space 2560K, 0% used [0x00000000eab00000,0x00000000eab00000,0x00000000ead80000)
  from space 2048K, 81% used [0x00000000eb080000,0x00000000eb21f9b0,0x00000000eb280000)
  to   space 2048K, 0% used [0x00000000eae80000,0x00000000eae80000,0x00000000eb080000)
 ParOldGen       total 83456K, used 79286K [0x00000000c0000000, 0x00000000c5180000, 0x00000000eab00000)
  object space 83456K, 95% used [0x00000000c0000000,0x00000000c4d6d900,0x00000000c5180000)
 Metaspace       used 83993K, committed 84928K, reserved 1130496K
  class space    used 8123K, committed 8576K, reserved 1048576K
}
Event: 2222.326 GC heap before
{Heap before GC invocations=14930 (full 483):
 PSYoungGen      total 4608K, used 4222K [0x00000000eab00000, 0x00000000eb280000, 0x0000000100000000)
  eden space 2560K, 100% used [0x00000000eab00000,0x00000000ead80000,0x00000000ead80000)
  from space 2048K, 81% used [0x00000000eb080000,0x00000000eb21f9b0,0x00000000eb280000)
  to   space 2048K, 0% used [0x00000000eae80000,0x00000000eae80000,0x00000000eb080000)
 ParOldGen       total 83456K, used 79286K [0x00000000c0000000, 0x00000000c5180000, 0x00000000eab00000)
  object space 83456K, 95% used [0x00000000c0000000,0x00000000c4d6d900,0x00000000c5180000)
 Metaspace       used 83993K, committed 84928K, reserved 1130496K
  class space    used 8123K, committed 8576K, reserved 1048576K
}
Event: 2222.328 GC heap after
{Heap after GC invocations=14930 (full 483):
 PSYoungGen      total 5120K, used 2048K [0x00000000eab00000, 0x00000000eb700000, 0x0000000100000000)
  eden space 3072K, 0% used [0x00000000eab00000,0x00000000eab00000,0x00000000eae00000)
  from space 2048K, 100% used [0x00000000eae80000,0x00000000eb080000,0x00000000eb080000)
  to   space 4608K, 0% used [0x00000000eb280000,0x00000000eb280000,0x00000000eb700000)
 ParOldGen       total 83456K, used 81106K [0x00000000c0000000, 0x00000000c5180000, 0x00000000eab00000)
  object space 83456K, 97% used [0x00000000c0000000,0x00000000c4f34bd0,0x00000000c5180000)
 Metaspace       used 83993K, committed 84928K, reserved 1130496K
  class space    used 8123K, committed 8576K, reserved 1048576K
}
Event: 2222.334 GC heap before
{Heap before GC invocations=14931 (full 483):
 PSYoungGen      total 5120K, used 5120K [0x00000000eab00000, 0x00000000eb700000, 0x0000000100000000)
  eden space 3072K, 100% used [0x00000000eab00000,0x00000000eae00000,0x00000000eae00000)
  from space 2048K, 100% used [0x00000000eae80000,0x00000000eb080000,0x00000000eb080000)
  to   space 4608K, 0% used [0x00000000eb280000,0x00000000eb280000,0x00000000eb700000)
 ParOldGen       total 83456K, used 81106K [0x00000000c0000000, 0x00000000c5180000, 0x00000000eab00000)
  object space 83456K, 97% used [0x00000000c0000000,0x00000000c4f34bd0,0x00000000c5180000)
 Metaspace       used 83993K, committed 84928K, reserved 1130496K
  class space    used 8123K, committed 8576K, reserved 1048576K
}
Event: 2222.336 GC heap after
{Heap after GC invocations=14931 (full 483):
 PSYoungGen      total 6144K, used 1808K [0x00000000eab00000, 0x00000000eb480000, 0x0000000100000000)
  eden space 4096K, 0% used [0x00000000eab00000,0x00000000eab00000,0x00000000eaf00000)
  from space 2048K, 88% used [0x00000000eb280000,0x00000000eb444010,0x00000000eb480000)
  to   space 2560K, 0% used [0x00000000eaf80000,0x00000000eaf80000,0x00000000eb200000)
 ParOldGen       total 83456K, used 83210K [0x00000000c0000000, 0x00000000c5180000, 0x00000000eab00000)
  object space 83456K, 99% used [0x00000000c0000000,0x00000000c5142bd0,0x00000000c5180000)
 Metaspace       used 83993K, committed 84928K, reserved 1130496K
  class space    used 8123K, committed 8576K, reserved 1048576K
}
Event: 2222.336 GC heap before
{Heap before GC invocations=14932 (full 484):
 PSYoungGen      total 6144K, used 1808K [0x00000000eab00000, 0x00000000eb480000, 0x0000000100000000)
  eden space 4096K, 0% used [0x00000000eab00000,0x00000000eab00000,0x00000000eaf00000)
  from space 2048K, 88% used [0x00000000eb280000,0x00000000eb444010,0x00000000eb480000)
  to   space 2560K, 0% used [0x00000000eaf80000,0x00000000eaf80000,0x00000000eb200000)
 ParOldGen       total 83456K, used 83210K [0x00000000c0000000, 0x00000000c5180000, 0x00000000eab00000)
  object space 83456K, 99% used [0x00000000c0000000,0x00000000c5142bd0,0x00000000c5180000)
 Metaspace       used 83993K, committed 84928K, reserved 1130496K
  class space    used 8123K, committed 8576K, reserved 1048576K
}
Event: 2222.388 GC heap after
{Heap after GC invocations=14932 (full 484):
 PSYoungGen      total 7168K, used 0K [0x00000000eab00000, 0x00000000eb500000, 0x0000000100000000)
  eden space 4608K, 0% used [0x00000000eab00000,0x00000000eab00000,0x00000000eaf80000)
  from space 2560K, 0% used [0x00000000eaf80000,0x00000000eaf80000,0x00000000eb200000)
  to   space 2560K, 0% used [0x00000000eb280000,0x00000000eb280000,0x00000000eb500000)
 ParOldGen       total 82432K, used 58332K [0x00000000c0000000, 0x00000000c5080000, 0x00000000eab00000)
  object space 82432K, 70% used [0x00000000c0000000,0x00000000c38f7278,0x00000000c5080000)
 Metaspace       used 83993K, committed 84928K, reserved 1130496K
  class space    used 8123K, committed 8576K, reserved 1048576K
}
Event: 2222.399 GC heap before
{Heap before GC invocations=14933 (full 484):
 PSYoungGen      total 7168K, used 4608K [0x00000000eab00000, 0x00000000eb500000, 0x0000000100000000)
  eden space 4608K, 100% used [0x00000000eab00000,0x00000000eaf80000,0x00000000eaf80000)
  from space 2560K, 0% used [0x00000000eaf80000,0x00000000eaf80000,0x00000000eb200000)
  to   space 2560K, 0% used [0x00000000eb280000,0x00000000eb280000,0x00000000eb500000)
 ParOldGen       total 82432K, used 58332K [0x00000000c0000000, 0x00000000c5080000, 0x00000000eab00000)
  object space 82432K, 70% used [0x00000000c0000000,0x00000000c38f7278,0x00000000c5080000)
 Metaspace       used 83993K, committed 84928K, reserved 1130496K
  class space    used 8123K, committed 8576K, reserved 1048576K
}
Event: 2222.400 GC heap after
{Heap after GC invocations=14933 (full 484):
 PSYoungGen      total 7680K, used 1452K [0x00000000eab00000, 0x00000000eb480000, 0x0000000100000000)
  eden space 5632K, 0% used [0x00000000eab00000,0x00000000eab00000,0x00000000eb080000)
  from space 2048K, 70% used [0x00000000eb280000,0x00000000eb3eb118,0x00000000eb480000)
  to   space 2048K, 0% used [0x00000000eb080000,0x00000000eb080000,0x00000000eb280000)
 ParOldGen       total 82432K, used 58332K [0x00000000c0000000, 0x00000000c5080000, 0x00000000eab00000)
  object space 82432K, 70% used [0x00000000c0000000,0x00000000c38f7278,0x00000000c5080000)
 Metaspace       used 83993K, committed 84928K, reserved 1130496K
  class space    used 8123K, committed 8576K, reserved 1048576K
}
Event: 2222.409 GC heap before
{Heap before GC invocations=14934 (full 484):
 PSYoungGen      total 7680K, used 7084K [0x00000000eab00000, 0x00000000eb480000, 0x0000000100000000)
  eden space 5632K, 100% used [0x00000000eab00000,0x00000000eb080000,0x00000000eb080000)
  from space 2048K, 70% used [0x00000000eb280000,0x00000000eb3eb118,0x00000000eb480000)
  to   space 2048K, 0% used [0x00000000eb080000,0x00000000eb080000,0x00000000eb280000)
 ParOldGen       total 82432K, used 58332K [0x00000000c0000000, 0x00000000c5080000, 0x00000000eab00000)
  object space 82432K, 70% used [0x00000000c0000000,0x00000000c38f7278,0x00000000c5080000)
 Metaspace       used 83993K, committed 84928K, reserved 1130496K
  class space    used 8123K, committed 8576K, reserved 1048576K
}
Event: 2222.410 GC heap after
{Heap after GC invocations=14934 (full 484):
 PSYoungGen      total 7680K, used 1995K [0x00000000eab00000, 0x00000000eb700000, 0x0000000100000000)
  eden space 5632K, 0% used [0x00000000eab00000,0x00000000eab00000,0x00000000eb080000)
  from space 2048K, 97% used [0x00000000eb080000,0x00000000eb272ff8,0x00000000eb280000)
  to   space 2560K, 0% used [0x00000000eb480000,0x00000000eb480000,0x00000000eb700000)
 ParOldGen       total 82432K, used 59707K [0x00000000c0000000, 0x00000000c5080000, 0x00000000eab00000)
  object space 82432K, 72% used [0x00000000c0000000,0x00000000c3a4eca0,0x00000000c5080000)
 Metaspace       used 83993K, committed 84928K, reserved 1130496K
  class space    used 8123K, committed 8576K, reserved 1048576K
}
Event: 2222.417 GC heap before
{Heap before GC invocations=14935 (full 484):
 PSYoungGen      total 7680K, used 7627K [0x00000000eab00000, 0x00000000eb700000, 0x0000000100000000)
  eden space 5632K, 100% used [0x00000000eab00000,0x00000000eb080000,0x00000000eb080000)
  from space 2048K, 97% used [0x00000000eb080000,0x00000000eb272ff8,0x00000000eb280000)
  to   space 2560K, 0% used [0x00000000eb480000,0x00000000eb480000,0x00000000eb700000)
 ParOldGen       total 82432K, used 59707K [0x00000000c0000000, 0x00000000c5080000, 0x00000000eab00000)
  object space 82432K, 72% used [0x00000000c0000000,0x00000000c3a4eca0,0x00000000c5080000)
 Metaspace       used 83993K, committed 84928K, reserved 1130496K
  class space    used 8123K, committed 8576K, reserved 1048576K
}
Event: 2222.418 GC heap after
{Heap after GC invocations=14935 (full 484):
 PSYoungGen      total 9216K, used 1755K [0x00000000eab00000, 0x00000000eb680000, 0x0000000100000000)
  eden space 7168K, 0% used [0x00000000eab00000,0x00000000eab00000,0x00000000eb200000)
  from space 2048K, 85% used [0x00000000eb480000,0x00000000eb636fe8,0x00000000eb680000)
  to   space 2048K, 0% used [0x00000000eb280000,0x00000000eb280000,0x00000000eb480000)
 ParOldGen       total 82432K, used 61641K [0x00000000c0000000, 0x00000000c5080000, 0x00000000eab00000)
  object space 82432K, 74% used [0x00000000c0000000,0x00000000c3c325b8,0x00000000c5080000)
 Metaspace       used 83993K, committed 84928K, reserved 1130496K
  class space    used 8123K, committed 8576K, reserved 1048576K
}
Event: 2222.877 GC heap before
{Heap before GC invocations=14936 (full 484):
 PSYoungGen      total 9216K, used 8923K [0x00000000eab00000, 0x00000000eb680000, 0x0000000100000000)
  eden space 7168K, 100% used [0x00000000eab00000,0x00000000eb200000,0x00000000eb200000)
  from space 2048K, 85% used [0x00000000eb480000,0x00000000eb636fe8,0x00000000eb680000)
  to   space 2048K, 0% used [0x00000000eb280000,0x00000000eb280000,0x00000000eb480000)
 ParOldGen       total 82432K, used 61641K [0x00000000c0000000, 0x00000000c5080000, 0x00000000eab00000)
  object space 82432K, 74% used [0x00000000c0000000,0x00000000c3c325b8,0x00000000c5080000)
 Metaspace       used 83994K, committed 84928K, reserved 1130496K
  class space    used 8123K, committed 8576K, reserved 1048576K
}
Event: 2222.878 GC heap after
{Heap after GC invocations=14936 (full 484):
 PSYoungGen      total 8192K, used 571K [0x00000000eab00000, 0x00000000eb500000, 0x0000000100000000)
  eden space 7168K, 0% used [0x00000000eab00000,0x00000000eab00000,0x00000000eb200000)
  from space 1024K, 55% used [0x00000000eb280000,0x00000000eb30efc8,0x00000000eb380000)
  to   space 1024K, 0% used [0x00000000eb400000,0x00000000eb400000,0x00000000eb500000)
 ParOldGen       total 82432K, used 63319K [0x00000000c0000000, 0x00000000c5080000, 0x00000000eab00000)
  object space 82432K, 76% used [0x00000000c0000000,0x00000000c3dd5ec0,0x00000000c5080000)
 Metaspace       used 83994K, committed 84928K, reserved 1130496K
  class space    used 8123K, committed 8576K, reserved 1048576K
}
Event: 2222.888 GC heap before
{Heap before GC invocations=14937 (full 484):
 PSYoungGen      total 8192K, used 7739K [0x00000000eab00000, 0x00000000eb500000, 0x0000000100000000)
  eden space 7168K, 100% used [0x00000000eab00000,0x00000000eb200000,0x00000000eb200000)
  from space 1024K, 55% used [0x00000000eb280000,0x00000000eb30efc8,0x00000000eb380000)
  to   space 1024K, 0% used [0x00000000eb400000,0x00000000eb400000,0x00000000eb500000)
 ParOldGen       total 82432K, used 63319K [0x00000000c0000000, 0x00000000c5080000, 0x00000000eab00000)
  object space 82432K, 76% used [0x00000000c0000000,0x00000000c3dd5ec0,0x00000000c5080000)
 Metaspace       used 83994K, committed 84928K, reserved 1130496K
  class space    used 8123K, committed 8576K, reserved 1048576K
}

