# JRE version: OpenJDK Runtime Environment Temurin-17.0.4.1+1 (17.0.4.1+1) (build 17.0.4.1+1)
# Java VM: OpenJDK 64-Bit Server VM Temurin-17.0.4.1+1 (17.0.4.1+1, mixed mode, tiered, compressed oops, compressed class ptrs, parallel gc, windows-amd64)
GC Precious Log:
 CPUs: 8 total, 8 available
 Memory: 16298M
 Large Page Support: Disabled
 NUMA Support: Disabled
 Compressed Oops: Enabled (32-bit)
 Alignments: Space 512K, Generation 512K, Heap 2M
 Heap Min Capacity: 100M
 Heap Initial Capacity: 100M
 Heap Max Capacity: 1G
 Pre-touch: Disabled
 Parallel Workers: 8
Heap:
 PSYoungGen      total 3584K, used 3072K [0x00000000eab00000, 0x00000000eb300000, 0x0000000100000000)
  eden space 3072K, 100% used [0x00000000eab00000,0x00000000eae00000,0x00000000eae00000)
  from space 512K, 0% used [0x00000000eae80000,0x00000000eae80000,0x00000000eaf00000)
  to   space 2560K, 99% used [0x00000000eb080000,0x00000000eb2fdec0,0x00000000eb300000)
 ParOldGen       total 132608K, used 96353K [0x00000000c0000000, 0x00000000c8180000, 0x00000000eab00000)
  object space 132608K, 72% used [0x00000000c0000000,0x00000000c5e184d0,0x00000000c8180000)
 Metaspace       used 80411K, committed 81408K, reserved 1122304K
  class space    used 8100K, committed 8576K, reserved 1048576K
GC Heap History (20 events):
Event: 4363.403 GC heap after
{Heap after GC invocations=2203 (full 48):
 PSYoungGen      total 4608K, used 1386K [0x00000000eab00000, 0x00000000eb180000, 0x0000000100000000)
  eden space 3072K, 0% used [0x00000000eab00000,0x00000000eab00000,0x00000000eae00000)
  from space 1536K, 90% used [0x00000000eb000000,0x00000000eb15ab38,0x00000000eb180000)
  to   space 1536K, 0% used [0x00000000eae80000,0x00000000eae80000,0x00000000eb000000)
 ParOldGen       total 118272K, used 105930K [0x00000000c0000000, 0x00000000c7380000, 0x00000000eab00000)
  object space 118272K, 89% used [0x00000000c0000000,0x00000000c67729c8,0x00000000c7380000)
 Metaspace       used 80410K, committed 81408K, reserved 1122304K
  class space    used 8100K, committed 8576K, reserved 1048576K
}
Event: 4363.409 GC heap before
{Heap before GC invocations=2204 (full 48):
 PSYoungGen      total 4608K, used 4458K [0x00000000eab00000, 0x00000000eb180000, 0x0000000100000000)
  eden space 3072K, 100% used [0x00000000eab00000,0x00000000eae00000,0x00000000eae00000)
  from space 1536K, 90% used [0x00000000eb000000,0x00000000eb15ab38,0x00000000eb180000)
  to   space 1536K, 0% used [0x00000000eae80000,0x00000000eae80000,0x00000000eb000000)
 ParOldGen       total 118272K, used 105930K [0x00000000c0000000, 0x00000000c7380000, 0x00000000eab00000)
  object space 118272K, 89% used [0x00000000c0000000,0x00000000c67729c8,0x00000000c7380000)
 Metaspace       used 80410K, committed 81408K, reserved 1122304K
  class space    used 8100K, committed 8576K, reserved 1048576K
}
Event: 4363.409 GC heap after
{Heap after GC invocations=2204 (full 48):
 PSYoungGen      total 4608K, used 1130K [0x00000000eab00000, 0x00000000eb100000, 0x0000000100000000)
  eden space 3072K, 0% used [0x00000000eab00000,0x00000000eab00000,0x00000000eae00000)
  from space 1536K, 73% used [0x00000000eae80000,0x00000000eaf9ab18,0x00000000eb000000)
  to   space 1024K, 0% used [0x00000000eb000000,0x00000000eb000000,0x00000000eb100000)
 ParOldGen       total 118272K, used 107163K [0x00000000c0000000, 0x00000000c7380000, 0x00000000eab00000)
  object space 118272K, 90% used [0x00000000c0000000,0x00000000c68a6ec0,0x00000000c7380000)
 Metaspace       used 80410K, committed 81408K, reserved 1122304K
  class space    used 8100K, committed 8576K, reserved 1048576K
}
Event: 4363.436 GC heap before
{Heap before GC invocations=2205 (full 48):
 PSYoungGen      total 4608K, used 4202K [0x00000000eab00000, 0x00000000eb100000, 0x0000000100000000)
  eden space 3072K, 100% used [0x00000000eab00000,0x00000000eae00000,0x00000000eae00000)
  from space 1536K, 73% used [0x00000000eae80000,0x00000000eaf9ab18,0x00000000eb000000)
  to   space 1024K, 0% used [0x00000000eb000000,0x00000000eb000000,0x00000000eb100000)
 ParOldGen       total 118272K, used 107163K [0x00000000c0000000, 0x00000000c7380000, 0x00000000eab00000)
  object space 118272K, 90% used [0x00000000c0000000,0x00000000c68a6ec0,0x00000000c7380000)
 Metaspace       used 80410K, committed 81408K, reserved 1122304K
  class space    used 8100K, committed 8576K, reserved 1048576K
}
Event: 4363.437 GC heap after
{Heap after GC invocations=2205 (full 48):
 PSYoungGen      total 4096K, used 848K [0x00000000eab00000, 0x00000000eb100000, 0x0000000100000000)
  eden space 3072K, 0% used [0x00000000eab00000,0x00000000eab00000,0x00000000eae00000)
  from space 1024K, 82% used [0x00000000eb000000,0x00000000eb0d4010,0x00000000eb100000)
  to   space 1024K, 0% used [0x00000000eaf00000,0x00000000eaf00000,0x00000000eb000000)
 ParOldGen       total 118272K, used 108148K [0x00000000c0000000, 0x00000000c7380000, 0x00000000eab00000)
  object space 118272K, 91% used [0x00000000c0000000,0x00000000c699d388,0x00000000c7380000)
 Metaspace       used 80410K, committed 81408K, reserved 1122304K
  class space    used 8100K, committed 8576K, reserved 1048576K
}
Event: 4363.447 GC heap before
{Heap before GC invocations=2206 (full 48):
 PSYoungGen      total 4096K, used 3920K [0x00000000eab00000, 0x00000000eb100000, 0x0000000100000000)
  eden space 3072K, 100% used [0x00000000eab00000,0x00000000eae00000,0x00000000eae00000)
  from space 1024K, 82% used [0x00000000eb000000,0x00000000eb0d4010,0x00000000eb100000)
  to   space 1024K, 0% used [0x00000000eaf00000,0x00000000eaf00000,0x00000000eb000000)
 ParOldGen       total 118272K, used 108148K [0x00000000c0000000, 0x00000000c7380000, 0x00000000eab00000)
  object space 118272K, 91% used [0x00000000c0000000,0x00000000c699d388,0x00000000c7380000)
 Metaspace       used 80411K, committed 81408K, reserved 1122304K
  class space    used 8100K, committed 8576K, reserved 1048576K
}
Event: 4363.448 GC heap after
{Heap after GC invocations=2206 (full 48):
 PSYoungGen      total 4096K, used 522K [0x00000000eab00000, 0x00000000eb080000, 0x0000000100000000)
  eden space 3072K, 0% used [0x00000000eab00000,0x00000000eab00000,0x00000000eae00000)
  from space 1024K, 51% used [0x00000000eaf00000,0x00000000eaf82b18,0x00000000eb000000)
  to   space 512K, 0% used [0x00000000eb000000,0x00000000eb000000,0x00000000eb080000)
 ParOldGen       total 118272K, used 108894K [0x00000000c0000000, 0x00000000c7380000, 0x00000000eab00000)
  object space 118272K, 92% used [0x00000000c0000000,0x00000000c6a579d0,0x00000000c7380000)
 Metaspace       used 80411K, committed 81408K, reserved 1122304K
  class space    used 8100K, committed 8576K, reserved 1048576K
}
Event: 4363.461 GC heap before
{Heap before GC invocations=2207 (full 48):
 PSYoungGen      total 4096K, used 3594K [0x00000000eab00000, 0x00000000eb080000, 0x0000000100000000)
  eden space 3072K, 100% used [0x00000000eab00000,0x00000000eae00000,0x00000000eae00000)
  from space 1024K, 51% used [0x00000000eaf00000,0x00000000eaf82b18,0x00000000eb000000)
  to   space 512K, 0% used [0x00000000eb000000,0x00000000eb000000,0x00000000eb080000)
 ParOldGen       total 118272K, used 108894K [0x00000000c0000000, 0x00000000c7380000, 0x00000000eab00000)
  object space 118272K, 92% used [0x00000000c0000000,0x00000000c6a579d0,0x00000000c7380000)
 Metaspace       used 80411K, committed 81408K, reserved 1122304K
  class space    used 8100K, committed 8576K, reserved 1048576K
}
Event: 4363.462 GC heap after
{Heap after GC invocations=2207 (full 48):
 PSYoungGen      total 2048K, used 506K [0x00000000eab00000, 0x00000000eb500000, 0x0000000100000000)
  eden space 1536K, 0% used [0x00000000eab00000,0x00000000eab00000,0x00000000eac80000)
  from space 512K, 98% used [0x00000000eb000000,0x00000000eb07ea50,0x00000000eb080000)
  to   space 3584K, 0% used [0x00000000eac80000,0x00000000eac80000,0x00000000eb000000)
 ParOldGen       total 118272K, used 111382K [0x00000000c0000000, 0x00000000c7380000, 0x00000000eab00000)
  object space 118272K, 94% used [0x00000000c0000000,0x00000000c6cc5b20,0x00000000c7380000)
 Metaspace       used 80411K, committed 81408K, reserved 1122304K
  class space    used 8100K, committed 8576K, reserved 1048576K
}
Event: 4363.465 GC heap before
{Heap before GC invocations=2208 (full 48):
 PSYoungGen      total 2048K, used 2042K [0x00000000eab00000, 0x00000000eb500000, 0x0000000100000000)
  eden space 1536K, 100% used [0x00000000eab00000,0x00000000eac80000,0x00000000eac80000)
  from space 512K, 98% used [0x00000000eb000000,0x00000000eb07ea50,0x00000000eb080000)
  to   space 3584K, 0% used [0x00000000eac80000,0x00000000eac80000,0x00000000eb000000)
 ParOldGen       total 118272K, used 111382K [0x00000000c0000000, 0x00000000c7380000, 0x00000000eab00000)
  object space 118272K, 94% used [0x00000000c0000000,0x00000000c6cc5b20,0x00000000c7380000)
 Metaspace       used 80411K, committed 81408K, reserved 1122304K
  class space    used 8100K, committed 8576K, reserved 1048576K
}
Event: 4363.466 GC heap after
{Heap after GC invocations=2208 (full 48):
 PSYoungGen      total 3584K, used 1600K [0x00000000eab00000, 0x00000000eb180000, 0x0000000100000000)
  eden space 1536K, 0% used [0x00000000eab00000,0x00000000eab00000,0x00000000eac80000)
  from space 2048K, 78% used [0x00000000eac80000,0x00000000eae10000,0x00000000eae80000)
  to   space 2560K, 0% used [0x00000000eaf00000,0x00000000eaf00000,0x00000000eb180000)
 ParOldGen       total 118272K, used 111921K [0x00000000c0000000, 0x00000000c7380000, 0x00000000eab00000)
  object space 118272K, 94% used [0x00000000c0000000,0x00000000c6d4c570,0x00000000c7380000)
 Metaspace       used 80411K, committed 81408K, reserved 1122304K
  class space    used 8100K, committed 8576K, reserved 1048576K
}
Event: 4363.471 GC heap before
{Heap before GC invocations=2209 (full 48):
 PSYoungGen      total 3584K, used 3136K [0x00000000eab00000, 0x00000000eb180000, 0x0000000100000000)
  eden space 1536K, 100% used [0x00000000eab00000,0x00000000eac80000,0x00000000eac80000)
  from space 2048K, 78% used [0x00000000eac80000,0x00000000eae10000,0x00000000eae80000)
  to   space 2560K, 0% used [0x00000000eaf00000,0x00000000eaf00000,0x00000000eb180000)
 ParOldGen       total 118272K, used 111921K [0x00000000c0000000, 0x00000000c7380000, 0x00000000eab00000)
  object space 118272K, 94% used [0x00000000c0000000,0x00000000c6d4c570,0x00000000c7380000)
 Metaspace       used 80411K, committed 81408K, reserved 1122304K
  class space    used 8100K, committed 8576K, reserved 1048576K
}
Event: 4363.473 GC heap after
{Heap after GC invocations=2209 (full 48):
 PSYoungGen      total 4096K, used 1600K [0x00000000eab00000, 0x00000000eb100000, 0x0000000100000000)
  eden space 2048K, 0% used [0x00000000eab00000,0x00000000eab00000,0x00000000ead00000)
  from space 2048K, 78% used [0x00000000eaf00000,0x00000000eb090000,0x00000000eb100000)
  to   space 2048K, 0% used [0x00000000ead00000,0x00000000ead00000,0x00000000eaf00000)
 ParOldGen       total 118272K, used 113457K [0x00000000c0000000, 0x00000000c7380000, 0x00000000eab00000)
  object space 118272K, 95% used [0x00000000c0000000,0x00000000c6ecc570,0x00000000c7380000)
 Metaspace       used 80411K, committed 81408K, reserved 1122304K
  class space    used 8100K, committed 8576K, reserved 1048576K
}
Event: 4363.477 GC heap before
{Heap before GC invocations=2210 (full 48):
 PSYoungGen      total 4096K, used 3648K [0x00000000eab00000, 0x00000000eb100000, 0x0000000100000000)
  eden space 2048K, 100% used [0x00000000eab00000,0x00000000ead00000,0x00000000ead00000)
  from space 2048K, 78% used [0x00000000eaf00000,0x00000000eb090000,0x00000000eb100000)
  to   space 2048K, 0% used [0x00000000ead00000,0x00000000ead00000,0x00000000eaf00000)
 ParOldGen       total 118272K, used 113457K [0x00000000c0000000, 0x00000000c7380000, 0x00000000eab00000)
  object space 118272K, 95% used [0x00000000c0000000,0x00000000c6ecc570,0x00000000c7380000)
 Metaspace       used 80411K, committed 81408K, reserved 1122304K
  class space    used 8100K, committed 8576K, reserved 1048576K
}
Event: 4363.479 GC heap after
{Heap after GC invocations=2210 (full 48):
 PSYoungGen      total 4096K, used 2048K [0x00000000eab00000, 0x00000000eb580000, 0x0000000100000000)
  eden space 2048K, 0% used [0x00000000eab00000,0x00000000eab00000,0x00000000ead00000)
  from space 2048K, 100% used [0x00000000ead00000,0x00000000eaf00000,0x00000000eaf00000)
  to   space 4096K, 0% used [0x00000000eb180000,0x00000000eb180000,0x00000000eb580000)
 ParOldGen       total 118272K, used 115017K [0x00000000c0000000, 0x00000000c7380000, 0x00000000eab00000)
  object space 118272K, 97% used [0x00000000c0000000,0x00000000c7052570,0x00000000c7380000)
 Metaspace       used 80411K, committed 81408K, reserved 1122304K
  class space    used 8100K, committed 8576K, reserved 1048576K
}
Event: 4363.485 GC heap before
{Heap before GC invocations=2211 (full 48):
 PSYoungGen      total 4096K, used 3906K [0x00000000eab00000, 0x00000000eb580000, 0x0000000100000000)
  eden space 2048K, 90% used [0x00000000eab00000,0x00000000eacd0bf0,0x00000000ead00000)
  from space 2048K, 100% used [0x00000000ead00000,0x00000000eaf00000,0x00000000eaf00000)
  to   space 4096K, 0% used [0x00000000eb180000,0x00000000eb180000,0x00000000eb580000)
 ParOldGen       total 118272K, used 115017K [0x00000000c0000000, 0x00000000c7380000, 0x00000000eab00000)
  object space 118272K, 97% used [0x00000000c0000000,0x00000000c7052570,0x00000000c7380000)
 Metaspace       used 80411K, committed 81408K, reserved 1122304K
  class space    used 8100K, committed 8576K, reserved 1048576K
}
Event: 4363.487 GC heap after
{Heap after GC invocations=2211 (full 48):
 PSYoungGen      total 4608K, used 1688K [0x00000000eab00000, 0x00000000eb380000, 0x0000000100000000)
  eden space 2560K, 0% used [0x00000000eab00000,0x00000000eab00000,0x00000000ead80000)
  from space 2048K, 82% used [0x00000000eb180000,0x00000000eb326000,0x00000000eb380000)
  to   space 2560K, 0% used [0x00000000eae80000,0x00000000eae80000,0x00000000eb100000)
 ParOldGen       total 118272K, used 117065K [0x00000000c0000000, 0x00000000c7380000, 0x00000000eab00000)
  object space 118272K, 98% used [0x00000000c0000000,0x00000000c7252570,0x00000000c7380000)
 Metaspace       used 80411K, committed 81408K, reserved 1122304K
  class space    used 8100K, committed 8576K, reserved 1048576K
}
Event: 4363.487 GC heap before
{Heap before GC invocations=2212 (full 49):
 PSYoungGen      total 4608K, used 1688K [0x00000000eab00000, 0x00000000eb380000, 0x0000000100000000)
  eden space 2560K, 0% used [0x00000000eab00000,0x00000000eab00000,0x00000000ead80000)
  from space 2048K, 82% used [0x00000000eb180000,0x00000000eb326000,0x00000000eb380000)
  to   space 2560K, 0% used [0x00000000eae80000,0x00000000eae80000,0x00000000eb100000)
 ParOldGen       total 118272K, used 117065K [0x00000000c0000000, 0x00000000c7380000, 0x00000000eab00000)
  object space 118272K, 98% used [0x00000000c0000000,0x00000000c7252570,0x00000000c7380000)
 Metaspace       used 80411K, committed 81408K, reserved 1122304K
  class space    used 8100K, committed 8576K, reserved 1048576K
}
Event: 4363.545 GC heap after
{Heap after GC invocations=2212 (full 49):
 PSYoungGen      total 3584K, used 0K [0x00000000eab00000, 0x00000000eb300000, 0x0000000100000000)
  eden space 3072K, 0% used [0x00000000eab00000,0x00000000eab00000,0x00000000eae00000)
  from space 512K, 0% used [0x00000000eae80000,0x00000000eae80000,0x00000000eaf00000)
  to   space 2560K, 0% used [0x00000000eb080000,0x00000000eb080000,0x00000000eb300000)
 ParOldGen       total 132608K, used 95809K [0x00000000c0000000, 0x00000000c8180000, 0x00000000eab00000)
  object space 132608K, 72% used [0x00000000c0000000,0x00000000c5d904d0,0x00000000c8180000)
 Metaspace       used 80411K, committed 81408K, reserved 1122304K
  class space    used 8100K, committed 8576K, reserved 1048576K
}
Event: 4363.575 GC heap before
{Heap before GC invocations=2213 (full 49):
 PSYoungGen      total 3584K, used 3072K [0x00000000eab00000, 0x00000000eb300000, 0x0000000100000000)
  eden space 3072K, 100% used [0x00000000eab00000,0x00000000eae00000,0x00000000eae00000)
  from space 512K, 0% used [0x00000000eae80000,0x00000000eae80000,0x00000000eaf00000)
  to   space 2560K, 0% used [0x00000000eb080000,0x00000000eb080000,0x00000000eb300000)
 ParOldGen       total 132608K, used 95809K [0x00000000c0000000, 0x00000000c8180000, 0x00000000eab00000)
  object space 132608K, 72% used [0x00000000c0000000,0x00000000c5d904d0,0x00000000c8180000)
 Metaspace       used 80411K, committed 81408K, reserved 1122304K
  class space    used 8100K, committed 8576K, reserved 1048576K
}

